<?xml version="1.0" encoding="UTF-8"?>
<robot generator="Robot 7.2 (Python 3.13.1 on win32)" generated="2025-02-03T14:56:18.659676" rpa="false" schemaversion="5">
<suite id="s1" name="TP-03Fev-Appium" source="C:\Users\Administrateur\Desktop\TP-03Fev-Appium">
<suite id="s1-s1" name="Tests" source="C:\Users\Administrateur\Desktop\TP-03Fev-Appium\tests">
<suite id="s1-s1-s1" name="Apidemos" source="C:\Users\Administrateur\Desktop\TP-03Fev-Appium\tests\apidemos.robot">
<test id="s1-s1-s1-t1" name="Scenario: Test The Seek Bar From The ApiDemos APK" line="24">
<kw name="Given I Am On The Seek Bar Option Of The Views Page" owner="views_page">
<kw name="I Am On The ApiDemos APK Views Page" owner="views_page">
<kw name="I Launch The APIDemos App" owner="home_page">
<kw name="Start Appium Session" owner="home_page">
<kw name="Open Application" owner="AppiumLibrary">
<arg>${APPIUM_SERVER}</arg>
<arg>platformName=${PLATFORM_NAME}</arg>
<arg>platformVersion=${PLATFORM_VERSION}</arg>
<arg>deviceName=${DEVICE_NAME}</arg>
<arg>automationName=${AUTOMATION_NAME}</arg>
<arg>appPackage=${app_package}</arg>
<arg>appActivity=${app_activity}</arg>
<doc>Opens a new application to given Appium server.
Capabilities of appium server, Android and iOS,
Please check https://appium.io/docs/en/2.1/cli/args/
| *Option*            | *Man.* | *Description*     |
| remote_url          | Yes    | Appium server url |
| alias               | no     | alias             |
| strict_ssl          | No     | allows you to send commands to an invalid certificate host like a self-signed one. |</doc>
<status status="PASS" start="2025-02-03T14:56:19.147125" elapsed="8.211515"/>
</kw>
<arg>${APP_PACKAGE_API}</arg>
<arg>${APP_ACTIVITY_API}</arg>
<doc>Démarrer une session Appium en utilisant la configuration.</doc>
<status status="PASS" start="2025-02-03T14:56:19.146748" elapsed="8.212145"/>
</kw>
<doc>Launch the application.</doc>
<status status="PASS" start="2025-02-03T14:56:19.146411" elapsed="8.212621"/>
</kw>
<kw name="Verify The Views Element From The Home Page" owner="home_page">
<kw name="Wait Until Page Contains" owner="AppiumLibrary">
<arg>text=Views</arg>
<arg>timeout=5</arg>
<doc>Waits until `text` appears on current page.</doc>
<status status="PASS" start="2025-02-03T14:56:27.359655" elapsed="0.955669"/>
</kw>
<kw name="Wait Until Element Is Visible" owner="AppiumLibrary">
<msg time="2025-02-03T14:56:28.900431" level="INFO">xpath criteria: //android.widget.TextView[@content-desc="Views"]</msg>
<arg>//android.widget.TextView[@content-desc="Views"]</arg>
<arg>timeout=5</arg>
<doc>Waits until element specified with `locator` is visible.</doc>
<status status="PASS" start="2025-02-03T14:56:28.315550" elapsed="0.585219"/>
</kw>
<doc>Verify the "Views" element is visible.</doc>
<status status="PASS" start="2025-02-03T14:56:27.359235" elapsed="1.541666"/>
</kw>
<kw name="Click On The Views Button From The Home Page" owner="home_page">
<kw name="Click Element" owner="AppiumLibrary">
<msg time="2025-02-03T14:56:28.902509" level="INFO">Clicking element 'xpath=//android.widget.TextView[@content-desc="Views"]'.</msg>
<msg time="2025-02-03T14:56:30.405558" level="INFO">xpath criteria: //android.widget.TextView[@content-desc="Views"]</msg>
<arg>xpath=//android.widget.TextView[@content-desc="Views"]</arg>
<doc>Click element identified by `locator`.</doc>
<status status="PASS" start="2025-02-03T14:56:28.901513" elapsed="1.504484"/>
</kw>
<doc>Click on the Views button.</doc>
<status status="PASS" start="2025-02-03T14:56:28.901063" elapsed="1.505065"/>
</kw>
<doc>Open the ApiDemos APK and navigate to the Views page.</doc>
<status status="PASS" start="2025-02-03T14:56:19.145985" elapsed="11.260215"/>
</kw>
<kw name="Scroll To The Seek Bar Option From The Views Page" owner="views_page">
<kw name="Swipe" owner="AppiumLibrary">
<arg>500</arg>
<arg>1500</arg>
<arg>500</arg>
<arg>500</arg>
<doc>Swipe from one point to another point, for an optional duration.</doc>
<status status="PASS" start="2025-02-03T14:56:30.407187" elapsed="1.312983"/>
</kw>
<kw name="Sleep" owner="BuiltIn">
<msg time="2025-02-03T14:56:32.721278" level="INFO">Slept 1 second.</msg>
<arg>1</arg>
<doc>Pauses the test executed for the given time.</doc>
<status status="PASS" start="2025-02-03T14:56:31.720370" elapsed="1.001658"/>
</kw>
<kw name="Swipe" owner="AppiumLibrary">
<arg>500</arg>
<arg>1500</arg>
<arg>500</arg>
<arg>500</arg>
<doc>Swipe from one point to another point, for an optional duration.</doc>
<status status="PASS" start="2025-02-03T14:56:32.722427" elapsed="1.338732"/>
</kw>
<doc>Scroll to the Seek Bar option.</doc>
<status status="PASS" start="2025-02-03T14:56:30.406370" elapsed="3.655022"/>
</kw>
<kw name="Verify Seek Bar Option From Views" owner="views_page">
<kw name="Wait Until Page Contains" owner="AppiumLibrary">
<arg>text=Seek Bar</arg>
<arg>timeout=5</arg>
<doc>Waits until `text` appears on current page.</doc>
<status status="PASS" start="2025-02-03T14:56:34.062014" elapsed="0.884716"/>
</kw>
<kw name="Wait Until Element Is Visible" owner="AppiumLibrary">
<msg time="2025-02-03T14:56:35.046066" level="INFO">xpath criteria: //android.widget.TextView[@content-desc="Seek Bar"]</msg>
<arg>//android.widget.TextView[@content-desc="Seek Bar"]</arg>
<arg>timeout=5</arg>
<doc>Waits until element specified with `locator` is visible.</doc>
<status status="PASS" start="2025-02-03T14:56:34.947036" elapsed="0.099300"/>
</kw>
<doc>Verify the "Seek Bar" element is visible.</doc>
<status status="PASS" start="2025-02-03T14:56:34.061576" elapsed="0.984929"/>
</kw>
<kw name="Click Seek Bar Option From Views" owner="views_page">
<kw name="Click Element" owner="AppiumLibrary">
<msg time="2025-02-03T14:56:35.048424" level="INFO">Clicking element '//android.widget.TextView[@content-desc="Seek Bar"]'.</msg>
<msg time="2025-02-03T14:56:36.486787" level="INFO">xpath criteria: //android.widget.TextView[@content-desc="Seek Bar"]</msg>
<arg>//android.widget.TextView[@content-desc="Seek Bar"]</arg>
<doc>Click element identified by `locator`.</doc>
<status status="PASS" start="2025-02-03T14:56:35.047194" elapsed="1.439824"/>
</kw>
<doc>Click on the Seek Bar element.</doc>
<status status="PASS" start="2025-02-03T14:56:35.046727" elapsed="1.440430"/>
</kw>
<doc>Open the Seek Bar option from the Views page.</doc>
<status status="PASS" start="2025-02-03T14:56:19.143090" elapsed="17.344167"/>
</kw>
<doc>This is a test to verify the Seek Bar from the ApiDemos APK</doc>
<status status="PASS" start="2025-02-03T14:56:19.142083" elapsed="17.346847"/>
</test>
<status status="PASS" start="2025-02-03T14:56:18.686419" elapsed="17.803916"/>
</suite>
<status status="PASS" start="2025-02-03T14:56:18.682737" elapsed="17.809456"/>
</suite>
<status status="PASS" start="2025-02-03T14:56:18.663537" elapsed="17.829847"/>
</suite>
<statistics>
<total>
<stat pass="1" fail="0" skip="0">All Tests</stat>
</total>
<tag>
</tag>
<suite>
<stat name="TP-03Fev-Appium" id="s1" pass="1" fail="0" skip="0">TP-03Fev-Appium</stat>
<stat name="Tests" id="s1-s1" pass="1" fail="0" skip="0">TP-03Fev-Appium.Tests</stat>
<stat name="Apidemos" id="s1-s1-s1" pass="1" fail="0" skip="0">TP-03Fev-Appium.Tests.Apidemos</stat>
</suite>
</statistics>
<errors>
</errors>
</robot>
